<?xml version="1.0" encoding="UTF-8"?>
<testng-results skipped="0" failed="0" ignored="0" total="6" passed="6">
  <reporter-output>
  </reporter-output>
  <suite name="Default suite" duration-ms="106" started-at="2018-01-10T02:19:44Z" finished-at="2018-01-10T02:19:44Z">
    <groups>
      <group name="TestDelete">
        <method signature="TestNgGroups.test_4()[pri:0, instance:com.qa.base.TestNgGroups@7dc7cbad]" name="test_4" class="com.qa.base.TestNgGroups"/>
      </group> <!-- TestDelete -->
      <group name="TestMail">
        <method signature="TestNgGroups.test_2()[pri:0, instance:com.qa.base.TestNgGroups@7dc7cbad]" name="test_2" class="com.qa.base.TestNgGroups"/>
        <method signature="TestNgGroups.test_3()[pri:0, instance:com.qa.base.TestNgGroups@7dc7cbad]" name="test_3" class="com.qa.base.TestNgGroups"/>
      </group> <!-- TestMail -->
      <group name="TestClose">
        <method signature="TestNgGroups.test_6()[pri:0, instance:com.qa.base.TestNgGroups@7dc7cbad]" name="test_6" class="com.qa.base.TestNgGroups"/>
      </group> <!-- TestClose -->
      <group name="Login">
        <method signature="TestNgGroups.test_1()[pri:0, instance:com.qa.base.TestNgGroups@7dc7cbad]" name="test_1" class="com.qa.base.TestNgGroups"/>
      </group> <!-- Login -->
      <group name="TestRandom">
        <method signature="TestNgGroups.test_5()[pri:0, instance:com.qa.base.TestNgGroups@7dc7cbad]" name="test_5" class="com.qa.base.TestNgGroups"/>
      </group> <!-- TestRandom -->
    </groups>
    <test name="Default test" duration-ms="106" started-at="2018-01-10T02:19:44Z" finished-at="2018-01-10T02:19:44Z">
      <class name="com.qa.base.TestNgGroups">
        <test-method status="PASS" signature="test_1()[pri:0, instance:com.qa.base.TestNgGroups@7dc7cbad]" name="test_1" duration-ms="19" started-at="2018-01-09T21:19:44Z" finished-at="2018-01-09T21:19:44Z">
          <reporter-output>
          </reporter-output>
        </test-method> <!-- test_1 -->
        <test-method status="PASS" signature="test_2()[pri:0, instance:com.qa.base.TestNgGroups@7dc7cbad]" name="test_2" duration-ms="3" started-at="2018-01-09T21:19:44Z" finished-at="2018-01-09T21:19:44Z">
          <reporter-output>
          </reporter-output>
        </test-method> <!-- test_2 -->
        <test-method status="PASS" signature="test_3()[pri:0, instance:com.qa.base.TestNgGroups@7dc7cbad]" name="test_3" duration-ms="4" started-at="2018-01-09T21:19:44Z" finished-at="2018-01-09T21:19:44Z">
          <reporter-output>
          </reporter-output>
        </test-method> <!-- test_3 -->
        <test-method status="PASS" signature="test_4()[pri:0, instance:com.qa.base.TestNgGroups@7dc7cbad]" name="test_4" duration-ms="3" started-at="2018-01-09T21:19:44Z" finished-at="2018-01-09T21:19:44Z">
          <reporter-output>
          </reporter-output>
        </test-method> <!-- test_4 -->
        <test-method status="PASS" signature="test_5()[pri:0, instance:com.qa.base.TestNgGroups@7dc7cbad]" name="test_5" duration-ms="3" started-at="2018-01-09T21:19:44Z" finished-at="2018-01-09T21:19:44Z">
          <reporter-output>
          </reporter-output>
        </test-method> <!-- test_5 -->
        <test-method status="PASS" signature="test_6()[pri:0, instance:com.qa.base.TestNgGroups@7dc7cbad]" name="test_6" duration-ms="3" started-at="2018-01-09T21:19:44Z" finished-at="2018-01-09T21:19:44Z">
          <reporter-output>
          </reporter-output>
        </test-method> <!-- test_6 -->
      </class> <!-- com.qa.base.TestNgGroups -->
    </test> <!-- Default test -->
  </suite> <!-- Default suite -->
</testng-results>
