<?xml version="1.0" encoding="UTF-8"?>
<!-- Generated by org.testng.reporters.JUnitXMLReporter -->
<testsuite hostname="sqa-linux-pc" ignored="0" name="Default test" tests="6" failures="0" timestamp="10 Jan 2018 02:19:44 GMT" time="0.106" errors="0">
  <testcase name="test_1" time="0.019" classname="com.qa.base.TestNgGroups"/>
  <testcase name="test_2" time="0.003" classname="com.qa.base.TestNgGroups"/>
  <testcase name="test_3" time="0.004" classname="com.qa.base.TestNgGroups"/>
  <testcase name="test_4" time="0.003" classname="com.qa.base.TestNgGroups"/>
  <testcase name="test_5" time="0.003" classname="com.qa.base.TestNgGroups"/>
  <testcase name="test_6" time="0.003" classname="com.qa.base.TestNgGroups"/>
</testsuite> <!-- Default test -->
